# JRE version: Java(TM) SE Runtime Environment (8.0_281-b09) (build 1.8.0_281-b09)
# Java VM: Java HotSpot(TM) 64-Bit Server VM (25.281-b09 mixed mode windows-amd64 compressed oops)
Heap:
 PSYoungGen      total 28672K, used 16205K [0x00000000f5580000, 0x00000000f7580000, 0x0000000100000000)
  eden space 24576K, 49% used [0x00000000f5580000,0x00000000f61576f8,0x00000000f6d80000)
  from space 4096K, 99% used [0x00000000f7180000,0x00000000f757c020,0x00000000f7580000)
  to   space 4096K, 0% used [0x00000000f6d80000,0x00000000f6d80000,0x00000000f7180000)
 ParOldGen       total 65536K, used 3289K [0x00000000e0000000, 0x00000000e4000000, 0x00000000f5580000)
  object space 65536K, 5% used [0x00000000e0000000,0x00000000e03364b8,0x00000000e4000000)
 Metaspace       used 16926K, capacity 17674K, committed 17920K, reserved 1064960K
  class space    used 2217K, capacity 2445K, committed 2560K, reserved 1048576K
GC Heap History (4 events):
Event: 1.172 GC heap before
{Heap before GC invocations=1 (full 0):
 PSYoungGen      total 28672K, used 24576K [0x00000000f5580000, 0x00000000f7580000, 0x0000000100000000)
  eden space 24576K, 100% used [0x00000000f5580000,0x00000000f6d80000,0x00000000f6d80000)
  from space 4096K, 0% used [0x00000000f7180000,0x00000000f7180000,0x00000000f7580000)
  to   space 4096K, 0% used [0x00000000f6d80000,0x00000000f6d80000,0x00000000f7180000)
 ParOldGen       total 65536K, used 0K [0x00000000e0000000, 0x00000000e4000000, 0x00000000f5580000)
  object space 65536K, 0% used [0x00000000e0000000,0x00000000e0000000,0x00000000e4000000)
 Metaspace       used 10649K, capacity 10872K, committed 11008K, reserved 1058816K
  class space    used 1377K, capacity 1472K, committed 1536K, reserved 1048576K
Event: 1.183 GC heap after
Heap after GC invocations=1 (full 0):
 PSYoungGen      total 28672K, used 4077K [0x00000000f5580000, 0x00000000f7580000, 0x0000000100000000)
  eden space 24576K, 0% used [0x00000000f5580000,0x00000000f5580000,0x00000000f6d80000)
  from space 4096K, 99% used [0x00000000f6d80000,0x00000000f717b5c8,0x00000000f7180000)
  to   space 4096K, 0% used [0x00000000f7180000,0x00000000f7180000,0x00000000f7580000)
 ParOldGen       total 65536K, used 895K [0x00000000e0000000, 0x00000000e4000000, 0x00000000f5580000)
  object space 65536K, 1% used [0x00000000e0000000,0x00000000e00dfd00,0x00000000e4000000)
 Metaspace       used 10649K, capacity 10872K, committed 11008K, reserved 1058816K
  class space    used 1377K, capacity 1472K, committed 1536K, reserved 1048576K
}
Event: 2.498 GC heap before
{Heap before GC invocations=2 (full 0):
 PSYoungGen      total 28672K, used 28653K [0x00000000f5580000, 0x00000000f7580000, 0x0000000100000000)
  eden space 24576K, 100% used [0x00000000f5580000,0x00000000f6d80000,0x00000000f6d80000)
  from space 4096K, 99% used [0x00000000f6d80000,0x00000000f717b5c8,0x00000000f7180000)
  to   space 4096K, 0% used [0x00000000f7180000,0x00000000f7180000,0x00000000f7580000)
 ParOldGen       total 65536K, used 895K [0x00000000e0000000, 0x00000000e4000000, 0x00000000f5580000)
  object space 65536K, 1% used [0x00000000e0000000,0x00000000e00dfd00,0x00000000e4000000)
 Metaspace       used 14732K, capacity 15306K, committed 15488K, reserved 1062912K
  class space    used 1893K, capacity 2053K, committed 2176K, reserved 1048576K
Event: 2.512 GC heap after
Heap after GC invocations=2 (full 0):
 PSYoungGen      total 28672K, used 4080K [0x00000000f5580000, 0x00000000f7580000, 0x0000000100000000)
  eden space 24576K, 0% used [0x00000000f5580000,0x00000000f5580000,0x00000000f6d80000)
  from space 4096K, 99% used [0x00000000f7180000,0x00000000f757c020,0x00000000f7580000)
  to   space 4096K, 0% used [0x00000000f6d80000,0x00000000f6d80000,0x00000000f7180000)
 ParOldGen       total 65536K, used 3289K [0x00000000e0000000, 0x00000000e4000000, 0x00000000f5580000)
  object space 65536K, 5% used [0x00000000e0000000,0x00000000e03364b8,0x00000000e4000000)
 Metaspace       used 14732K, capacity 15306K, committed 15488K, reserved 1062912K
  class space    used 1893K, capacity 2053K, committed 2176K, reserved 1048576K
}

